Temp/gradleOut/launcher/build/outputs/logs/manifest-merger-release-report.txt
-- Merging decision tree log ---
manifest
ADDED from src\main\AndroidManifest.xml:3:1-6:12
INJECTED from src\main\AndroidManifest.xml:3:1-6:12
INJECTED from src\main\AndroidManifest.xml:3:1-6:12
INJECTED from src\main\AndroidManifest.xml:3:1-6:12
MERGED from [:unityLibrary] AndroidManifest.xml:3:1-102:12
MERGED from [:OVRPlugin:] AndroidManifest.xml:2:1-9:12
INJECTED from src\main\AndroidManifest.xml:3:1-6:12
INJECTED from src\main\AndroidManifest.xml:3:1-6:12
INJECTED from src\main\AndroidManifest.xml:3:1-6:12
	package
		ADDED from src\main\AndroidManifest.xml:3:70-114
		INJECTED from src\main\AndroidManifest.xml
		INJECTED from src\main\AndroidManifest.xml
	android:versionName
		INJECTED from src\main\AndroidManifest.xml
		ADDED from src\main\AndroidManifest.xml:3:1-6:12
		INJECTED from src\main\AndroidManifest.xml
	xmlns:tools
		ADDED from src\main\AndroidManifest.xml:3:115-161
	android:versionCode
		INJECTED from src\main\AndroidManifest.xml
		ADDED from src\main\AndroidManifest.xml:3:1-6:12
		INJECTED from src\main\AndroidManifest.xml
	xmlns:android
		ADDED from src\main\AndroidManifest.xml:3:11-69
	android:installLocation
		ADDED from src\main\AndroidManifest.xml:3:162-192
supports-screens
ADDED from src\main\AndroidManifest.xml:4:3-163
	android:largeScreens
		ADDED from src\main\AndroidManifest.xml:4:78-105
	android:smallScreens
		ADDED from src\main\AndroidManifest.xml:4:21-48
	android:normalScreens
		ADDED from src\main\AndroidManifest.xml:4:49-77
	android:xlargeScreens
		ADDED from src\main\AndroidManifest.xml:4:106-134
	android:anyDensity
		ADDED from src\main\AndroidManifest.xml:4:135-160
application
ADDED from src\main\AndroidManifest.xml:5:3-83
MERGED from [:unityLibrary] AndroidManifest.xml:45:5-100:19
MERGED from [:unityLibrary] AndroidManifest.xml:45:5-100:19
	android:label
		ADDED from src\main\AndroidManifest.xml:5:16-48
	android:allowBackup
		ADDED from [:unityLibrary] AndroidManifest.xml:46:9-36
	android:icon
		ADDED from src\main\AndroidManifest.xml:5:49-80
	android:networkSecurityConfig
		ADDED from [:unityLibrary] AndroidManifest.xml:49:9-64
uses-sdk
INJECTED from src\main\AndroidManifest.xml reason: use-sdk injection requested
INJECTED from src\main\AndroidManifest.xml
INJECTED from src\main\AndroidManifest.xml
MERGED from [:unityLibrary] AndroidManifest.xml:10:5-12:41
MERGED from [:unityLibrary] AndroidManifest.xml:10:5-12:41
MERGED from [:OVRPlugin:] AndroidManifest.xml:7:5-47
MERGED from [:OVRPlugin:] AndroidManifest.xml:7:5-47
INJECTED from src\main\AndroidManifest.xml
INJECTED from src\main\AndroidManifest.xml
	android:targetSdkVersion
		INJECTED from src\main\AndroidManifest.xml
		ADDED from src\main\AndroidManifest.xml
		INJECTED from src\main\AndroidManifest.xml
	android:minSdkVersion
		INJECTED from src\main\AndroidManifest.xml
		ADDED from src\main\AndroidManifest.xml
		MERGED from src\main\AndroidManifest.xml
		INJECTED from src\main\AndroidManifest.xml
uses-feature#0x00030000
ADDED from [:unityLibrary] AndroidManifest.xml:14:5-54
	android:glEsVersion
		ADDED from [:unityLibrary] AndroidManifest.xml:14:19-51
uses-permission#android.permission.INTERNET
ADDED from [:unityLibrary] AndroidManifest.xml:16:5-67
	android:name
		ADDED from [:unityLibrary] AndroidManifest.xml:16:22-64
uses-permission#android.permission.RECORD_AUDIO
ADDED from [:unityLibrary] AndroidManifest.xml:17:5-71
	android:name
		ADDED from [:unityLibrary] AndroidManifest.xml:17:22-68
uses-permission#android.permission.MODIFY_AUDIO_SETTINGS
ADDED from [:unityLibrary] AndroidManifest.xml:18:5-80
	android:name
		ADDED from [:unityLibrary] AndroidManifest.xml:18:22-77
uses-feature#android.hardware.microphone
ADDED from [:unityLibrary] AndroidManifest.xml:20:5-22:36
	android:required
		ADDED from [:unityLibrary] AndroidManifest.xml:22:9-33
	android:name
		ADDED from [:unityLibrary] AndroidManifest.xml:21:9-51
uses-permission#android.permission.WRITE_EXTERNAL_STORAGE
ADDED from [:unityLibrary] AndroidManifest.xml:24:5-81
	android:name
		ADDED from [:unityLibrary] AndroidManifest.xml:24:22-78
uses-feature#android.hardware.touchscreen
ADDED from [:unityLibrary] AndroidManifest.xml:26:5-28:36
	android:required
		ADDED from [:unityLibrary] AndroidManifest.xml:28:9-33
	android:name
		ADDED from [:unityLibrary] AndroidManifest.xml:27:9-52
uses-feature#android.hardware.touchscreen.multitouch
ADDED from [:unityLibrary] AndroidManifest.xml:29:5-31:36
	android:required
		ADDED from [:unityLibrary] AndroidManifest.xml:31:9-33
	android:name
		ADDED from [:unityLibrary] AndroidManifest.xml:30:9-63
uses-feature#android.hardware.touchscreen.multitouch.distinct
ADDED from [:unityLibrary] AndroidManifest.xml:32:5-34:36
	android:required
		ADDED from [:unityLibrary] AndroidManifest.xml:34:9-33
	android:name
		ADDED from [:unityLibrary] AndroidManifest.xml:33:9-72
uses-feature#android.hardware.vr.headtracking
ADDED from [:unityLibrary] AndroidManifest.xml:35:5-38:31
	android:version
		ADDED from [:unityLibrary] AndroidManifest.xml:38:9-28
	android:required
		ADDED from [:unityLibrary] AndroidManifest.xml:37:9-32
	android:name
		ADDED from [:unityLibrary] AndroidManifest.xml:36:9-56
uses-feature#oculus.software.handtracking
ADDED from [:unityLibrary] AndroidManifest.xml:39:5-41:36
	android:required
		ADDED from [:unityLibrary] AndroidManifest.xml:41:9-33
	android:name
		ADDED from [:unityLibrary] AndroidManifest.xml:40:9-52
uses-permission#com.oculus.permission.HAND_TRACKING
ADDED from [:unityLibrary] AndroidManifest.xml:43:5-75
	android:name
		ADDED from [:unityLibrary] AndroidManifest.xml:43:22-72
activity#com.unity3d.player.UnityPlayerActivity
ADDED from [:unityLibrary] AndroidManifest.xml:50:9-74:20
	android:screenOrientation
		ADDED from [:unityLibrary] AndroidManifest.xml:56:13-50
	android:launchMode
		ADDED from [:unityLibrary] AndroidManifest.xml:54:13-44
	android:hardwareAccelerated
		ADDED from [:unityLibrary] AndroidManifest.xml:53:13-48
	android:resizeableActivity
		ADDED from [:unityLibrary] AndroidManifest.xml:55:13-47
	android:configChanges
		ADDED from [:unityLibrary] AndroidManifest.xml:52:13-122
	android:theme
		ADDED from [:unityLibrary] AndroidManifest.xml:57:13-77
	android:name
		ADDED from [:unityLibrary] AndroidManifest.xml:51:13-66
intent-filter#action:name:android.intent.action.MAIN+category:name:android.intent.category.LAUNCHER+category:name:com.oculus.intent.category.VR
ADDED from [:unityLibrary] AndroidManifest.xml:58:13-63:29
action#android.intent.action.MAIN
ADDED from [:unityLibrary] AndroidManifest.xml:59:17-69
	android:name
		ADDED from [:unityLibrary] AndroidManifest.xml:59:25-66
category#android.intent.category.LAUNCHER
ADDED from [:unityLibrary] AndroidManifest.xml:61:17-77
	android:name
		ADDED from [:unityLibrary] AndroidManifest.xml:61:27-74
category#com.oculus.intent.category.VR
ADDED from [:unityLibrary] AndroidManifest.xml:62:17-74
	android:name
		ADDED from [:unityLibrary] AndroidManifest.xml:62:27-71
meta-data#unityplayer.UnityActivity
ADDED from [:unityLibrary] AndroidManifest.xml:65:13-67:40
	android:value
		ADDED from [:unityLibrary] AndroidManifest.xml:67:17-37
	android:name
		ADDED from [:unityLibrary] AndroidManifest.xml:66:17-57
meta-data#android.notch_support
ADDED from [:unityLibrary] AndroidManifest.xml:68:13-70:40
	android:value
		ADDED from [:unityLibrary] AndroidManifest.xml:70:17-37
	android:name
		ADDED from [:unityLibrary] AndroidManifest.xml:69:17-53
meta-data#com.oculus.vr.focusaware
ADDED from [:unityLibrary] AndroidManifest.xml:71:13-73:40
	android:value
		ADDED from [:unityLibrary] AndroidManifest.xml:73:17-37
	android:name
		ADDED from [:unityLibrary] AndroidManifest.xml:72:17-56
meta-data#unity.splash-mode
ADDED from [:unityLibrary] AndroidManifest.xml:76:9-78:33
	android:value
		ADDED from [:unityLibrary] AndroidManifest.xml:78:13-30
	android:name
		ADDED from [:unityLibrary] AndroidManifest.xml:77:13-45
meta-data#unity.splash-enable
ADDED from [:unityLibrary] AndroidManifest.xml:79:9-81:36
	android:value
		ADDED from [:unityLibrary] AndroidManifest.xml:81:13-33
	android:name
		ADDED from [:unityLibrary] AndroidManifest.xml:80:13-47
meta-data#notch.config
ADDED from [:unityLibrary] AndroidManifest.xml:82:9-84:50
	android:value
		ADDED from [:unityLibrary] AndroidManifest.xml:84:13-47
	android:name
		ADDED from [:unityLibrary] AndroidManifest.xml:83:13-40
meta-data#unity.build-id
ADDED from [:unityLibrary] AndroidManifest.xml:85:9-87:68
	android:value
		ADDED from [:unityLibrary] AndroidManifest.xml:87:13-65
	android:name
		ADDED from [:unityLibrary] AndroidManifest.xml:86:13-42
meta-data#com.samsung.android.vr.application.mode
ADDED from [:unityLibrary] AndroidManifest.xml:88:9-90:39
	android:value
		ADDED from [:unityLibrary] AndroidManifest.xml:90:13-36
	android:name
		ADDED from [:unityLibrary] AndroidManifest.xml:89:13-67
meta-data#com.unity.xr.oculus.LowOverheadMode
ADDED from [:unityLibrary] AndroidManifest.xml:91:9-93:37
	android:value
		ADDED from [:unityLibrary] AndroidManifest.xml:93:13-34
	android:name
		ADDED from [:unityLibrary] AndroidManifest.xml:92:13-63
meta-data#com.oculus.supportedDevices
ADDED from [:unityLibrary] AndroidManifest.xml:94:9-96:44
	android:value
		ADDED from [:unityLibrary] AndroidManifest.xml:96:13-41
	android:name
		ADDED from [:unityLibrary] AndroidManifest.xml:95:13-55
meta-data#com.oculus.handtracking.frequency
ADDED from [:unityLibrary] AndroidManifest.xml:97:9-99:35
	android:value
		ADDED from [:unityLibrary] AndroidManifest.xml:99:13-32
	android:name
		ADDED from [:unityLibrary] AndroidManifest.xml:98:13-61